<?xml version="1.0" encoding="UTF-8"?>
<!-- Generated by org.testng.reporters.JUnitReportReporter -->
<testsuite hostname="Sagar07" failures="0" tests="3" name="com.AmazoCart.kidsproducttest.KidsProducttest4" time="0.004" errors="0" timestamp="2024-08-07T10:44:23 IST" skipped="0">
  <testcase classname="com.AmazoCart.kidsproducttest.KidsProducttest4" name="addProduct" time="0.001">
    <system-out>
      <![CDATA[Addproduct--Kids PRD Sucessfuly]]>
    </system-out>
  </testcase> <!-- addProduct -->
  <testcase classname="com.AmazoCart.kidsproducttest.KidsProducttest4" name="deleteProduct" time="0.002">
    <system-out>
      <![CDATA[DeleteProduct--Kids PRD Sucessfuly]]>
    </system-out>
  </testcase> <!-- deleteProduct -->
  <testcase classname="com.AmazoCart.kidsproducttest.KidsProducttest4" name="updateProduct" time="0.001">
    <system-out>
      <![CDATA[Updateproduct--Kids PRD Sucessfuly]]>
    </system-out>
  </testcase> <!-- updateProduct -->
  <system-out>
    <![CDATA[Addproduct--Kids PRD Sucessfuly
DeleteProduct--Kids PRD Sucessfuly
Updateproduct--Kids PRD Sucessfuly
Addproduct--Kids PRD Sucessfuly
DeleteProduct--Kids PRD Sucessfuly
Updateproduct--Kids PRD Sucessfuly
Addproduct--Kids PRD Sucessfuly
DeleteProduct--Kids PRD Sucessfuly
Updateproduct--Kids PRD Sucessfuly
Addproduct--Kids PRD Sucessfuly
DeleteProduct--Kids PRD Sucessfuly
Updateproduct--Kids PRD Sucessfuly
Addproduct--Kids PRD Sucessfuly
DeleteProduct--Kids PRD Sucessfuly
Updateproduct--Kids PRD Sucessfuly
Addproduct--Kids PRD Sucessfuly
DeleteProduct--Kids PRD Sucessfuly
Updateproduct--Kids PRD Sucessfuly
Addproduct--Kids PRD Sucessfuly
Addproduct--Kids PRD Sucessfuly
Updateproduct--Kids PRD Sucessfuly
Addproduct--Kids PRD Sucessfuly
Addproduct--Kids PRD Sucessfuly
DeleteProduct--Kids PRD Sucessfuly
DeleteProduct--Kids PRD Sucessfuly
Updateproduct--Kids PRD Sucessfuly
Updateproduct--Kids PRD Sucessfuly
Addproduct--Kids PRD Sucessfuly
DeleteProduct--Kids PRD Sucessfuly
Updateproduct--Kids PRD Sucessfuly]]>
  </system-out>
</testsuite> <!-- com.AmazoCart.kidsproducttest.KidsProducttest4 -->
