<?xml version="1.0" encoding="UTF-8"?>
<!-- Generated by org.testng.reporters.JUnitReportReporter -->
<testsuite hostname="Sagar07" failures="0" tests="4" name="com.AmazoCart.kidsproducttest.KidsProducttest1" time="0.022" errors="0" timestamp="2024-08-07T11:14:25 IST" skipped="1">
  <testcase classname="com.AmazoCart.kidsproducttest.KidsProducttest1" name="addProduct" time="0.003">
    <system-out>
      <![CDATA[Addproduct--Kids PRD Sucessfuly]]>
    </system-out>
  </testcase> <!-- addProduct -->
  <testcase classname="com.AmazoCart.kidsproducttest.KidsProducttest1" name="addProduct" time="0.016">
    <system-out>
      <![CDATA[Addproduct--Kids PRD Sucessfuly]]>
    </system-out>
  </testcase> <!-- addProduct -->
  <testcase classname="com.AmazoCart.kidsproducttest.KidsProducttest1" name="updateProduct" time="0.003">
    <system-out>
      <![CDATA[Updateproduct--Kids PRD Sucessfuly]]>
    </system-out>
  </testcase> <!-- updateProduct -->
  <testcase classname="com.AmazoCart.kidsproducttest.KidsProducttest1" name="deleteProduct">
    <skipped/>
  </testcase> <!-- deleteProduct -->
  <system-out>
    <![CDATA[Addproduct--Kids PRD Sucessfuly
Addproduct--Kids PRD Sucessfuly
Updateproduct--Kids PRD Sucessfuly
Updateproduct--Kids PRD Sucessfuly
Updateproduct--Kids PRD Sucessfuly]]>
  </system-out>
</testsuite> <!-- com.AmazoCart.kidsproducttest.KidsProducttest1 -->
