<?xml version="1.0" encoding="UTF-8"?>
<!-- Generated by org.testng.reporters.JUnitReportReporter -->
<testsuite hostname="Sagar07" failures="0" tests="2" name="com.AmazoCart.kidsproducttest.KidsProducttest2" time="0.005" errors="0" timestamp="2024-08-07T11:14:25 IST" skipped="0">
  <testcase classname="com.AmazoCart.kidsproducttest.KidsProducttest2" name="updateProduct" time="0.002">
    <system-out>
      <![CDATA[Updateproduct--Kids PRD Sucessfuly]]>
    </system-out>
  </testcase> <!-- updateProduct -->
  <testcase classname="com.AmazoCart.kidsproducttest.KidsProducttest2" name="updateProduct" time="0.003">
    <system-out>
      <![CDATA[Updateproduct--Kids PRD Sucessfuly]]>
    </system-out>
  </testcase> <!-- updateProduct -->
  <system-out>
    <![CDATA[Addproduct--Kids PRD Sucessfuly
Addproduct--Kids PRD Sucessfuly
Updateproduct--Kids PRD Sucessfuly
Updateproduct--Kids PRD Sucessfuly
Updateproduct--Kids PRD Sucessfuly]]>
  </system-out>
</testsuite> <!-- com.AmazoCart.kidsproducttest.KidsProducttest2 -->
